0 info it worked if it ends with ok
1 verbose cli [ '/home/kuro/.nvm/v5.6.0/bin/node',
1 verbose cli   '/home/kuro/.nvm/v5.6.0/bin/npm',
1 verbose cli   'start' ]
2 info using npm@3.7.3
3 info using node@v5.6.0
4 verbose run-script [ 'prestart', 'start', 'poststart' ]
5 info lifecycle corate@1.0.0~prestart: corate@1.0.0
6 silly lifecycle corate@1.0.0~prestart: no script for prestart, continuing
7 info lifecycle corate@1.0.0~start: corate@1.0.0
8 verbose lifecycle corate@1.0.0~start: unsafe-perm in lifecycle true
9 verbose lifecycle corate@1.0.0~start: PATH: /home/kuro/.nvm/v5.6.0/lib/node_modules/npm/bin/node-gyp-bin:/home/kuro/Git/corate/node_modules/.bin:/home/kuro/.nvm/v5.6.0/bin:/home/kuro/.gvm/pkgsets/go1.6/global/bin:/home/kuro/.gvm/gos/go1.6/bin:/home/kuro/.gvm/pkgsets/go1.6/global/overlay/bin:/home/kuro/.gvm/bin:/home/kuro/.gvm/bin:/home/kuro/.nvm/v5.6.0/bin:/usr/local/sbin:/usr/local/bin:/usr/sbin:/usr/bin:/sbin:/bin:/usr/games:/usr/local/games:/usr/lib/jvm/java-7-oracle/bin:/usr/lib/jvm/java-7-oracle/db/bin:/usr/lib/jvm/java-7-oracle/jre/bin:/usr/local/go/bin
10 verbose lifecycle corate@1.0.0~start: CWD: /home/kuro/Git/corate
11 silly lifecycle corate@1.0.0~start: Args: [ '-c', 'babel-node app.js' ]
12 silly lifecycle corate@1.0.0~start: Returned: code: 1  signal: null
13 info lifecycle corate@1.0.0~start: Failed to exec start script
14 verbose stack Error: corate@1.0.0 start: `babel-node app.js`
14 verbose stack Exit status 1
14 verbose stack     at EventEmitter.<anonymous> (/home/kuro/.nvm/v5.6.0/lib/node_modules/npm/lib/utils/lifecycle.js:239:16)
14 verbose stack     at emitTwo (events.js:100:13)
14 verbose stack     at EventEmitter.emit (events.js:185:7)
14 verbose stack     at ChildProcess.<anonymous> (/home/kuro/.nvm/v5.6.0/lib/node_modules/npm/lib/utils/spawn.js:24:14)
14 verbose stack     at emitTwo (events.js:100:13)
14 verbose stack     at ChildProcess.emit (events.js:185:7)
14 verbose stack     at maybeClose (internal/child_process.js:827:16)
14 verbose stack     at Process.ChildProcess._handle.onexit (internal/child_process.js:211:5)
15 verbose pkgid corate@1.0.0
16 verbose cwd /home/kuro/Git/corate
17 error Linux 3.16.0-30-generic
18 error argv "/home/kuro/.nvm/v5.6.0/bin/node" "/home/kuro/.nvm/v5.6.0/bin/npm" "start"
19 error node v5.6.0
20 error npm  v3.7.3
21 error code ELIFECYCLE
22 error corate@1.0.0 start: `babel-node app.js`
22 error Exit status 1
23 error Failed at the corate@1.0.0 start script 'babel-node app.js'.
23 error Make sure you have the latest version of node.js and npm installed.
23 error If you do, this is most likely a problem with the corate package,
23 error not with npm itself.
23 error Tell the author that this fails on your system:
23 error     babel-node app.js
23 error You can get information on how to open an issue for this project with:
23 error     npm bugs corate
23 error Or if that isn't available, you can get their info via:
23 error     npm owner ls corate
23 error There is likely additional logging output above.
24 verbose exit [ 1, true ]
